('int', 'nil')
('identifier', 'product', 1)
('(', 'nil')
('identifier', 'a', 4)
(',', 'nil')
('int', 'nil')
('identifier', 'b', 7)
(')', 'nil')
('{', 'nil')
('identifier', 'a', 11)
('*', 'nil')
('identifier', 'b', 13)
(';', 'nil')
('}', 'nil')
('int', 'nil')
('main', 'nil')
('(', 'nil')
(')', 'nil')
('{', 'nil')
('int', 'nil')
('identifier', 'a', 22)
('=', 'nil')
(';', 'nil')
('int', 'nil')
('identifier', 'b', 27)
('=', 'nil')
(';', 'nil')
('(', 'nil')
('"', 'nil')
('identifier', 'Product', 34)
('"', 'nil')
(',', 'nil')
('identifier', 'product', 37)
('(', 'nil')
('identifier', 'a', 39)
(',', 'nil')
('identifier', 'b', 41)
(')', 'nil')
(')', 'nil')
('}', 'nil')
